<?xml version="1.0" encoding="UTF-8"?>
<!-- Generated by org.testng.reporters.JUnitReportReporter -->
<testsuite skipped="0" hostname="PI-Shariful" name="Ecommerce.OnlineShoppingAutomation.HomePageVisibility" tests="1" failures="0" timestamp="2023-10-10T21:19:41 BDT" time="11.656" errors="0">
  <testcase name="VerifyHomePageVisibility" time="11.656" classname="Ecommerce.OnlineShoppingAutomation.HomePageVisibility"/>
</testsuite> <!-- Ecommerce.OnlineShoppingAutomation.HomePageVisibility -->
