<?xml version="1.0" encoding="UTF-8"?>
<!-- Generated by org.testng.reporters.JUnitReportReporter -->
<testsuite skipped="0" hostname="PI-Shariful" name="Ecommerce.OnlineShoppingAutomation.ReviewAddressAndOrderDetails" tests="1" failures="0" timestamp="2023-10-10T21:19:41 BDT" time="54.690" errors="0">
  <testcase name="VerifyAddressAndOrder" time="54.690" classname="Ecommerce.OnlineShoppingAutomation.ReviewAddressAndOrderDetails"/>
</testsuite> <!-- Ecommerce.OnlineShoppingAutomation.ReviewAddressAndOrderDetails -->
