<?xml version="1.0" encoding="UTF-8"?>
<!-- Generated by org.testng.reporters.JUnitReportReporter -->
<testsuite skipped="0" hostname="PI-Shariful" name="Ecommerce.OnlineShoppingAutomation.Ecommerce_VerifyHomePageVisibility" tests="1" failures="0" timestamp="2023-10-10T20:42:46 BDT" time="8.774" errors="0">
  <testcase name="VerifyHomePageVisibility" time="8.774" classname="Ecommerce.OnlineShoppingAutomation.Ecommerce_VerifyHomePageVisibility"/>
</testsuite> <!-- Ecommerce.OnlineShoppingAutomation.Ecommerce_VerifyHomePageVisibility -->
