<?xml version="1.0" encoding="UTF-8"?>
<!-- Generated by org.testng.reporters.JUnitReportReporter -->
<testsuite skipped="0" hostname="PI-Shariful" name="Ecommerce.OnlineShoppingAutomation.EcommerceAutomation" tests="6" failures="0" timestamp="2023-10-09T00:03:22 BDT" time="145.912" errors="0">
  <testcase name="VerifyHomePage" time="42.346" classname="Ecommerce.OnlineShoppingAutomation.EcommerceAutomation"/>
  <testcase name="VerifyCartPage" time="12.541" classname="Ecommerce.OnlineShoppingAutomation.EcommerceAutomation"/>
  <testcase name="VerifyAccountCreated" time="15.386" classname="Ecommerce.OnlineShoppingAutomation.EcommerceAutomation"/>
  <testcase name="VerifyLoggedInAsUsername" time="33.657" classname="Ecommerce.OnlineShoppingAutomation.EcommerceAutomation"/>
  <testcase name="VerifyAddressAndOrder" time="20.515" classname="Ecommerce.OnlineShoppingAutomation.EcommerceAutomation"/>
  <testcase name="VerifyPlaceOrderSuccessMessage" time="21.467" classname="Ecommerce.OnlineShoppingAutomation.EcommerceAutomation"/>
</testsuite> <!-- Ecommerce.OnlineShoppingAutomation.EcommerceAutomation -->
