<?xml version="1.0" encoding="UTF-8"?>
<!-- Generated by org.testng.reporters.JUnitReportReporter -->
<testsuite skipped="0" hostname="PI-Shariful" name="Ecommerce.OnlineShoppingAutomation.SignInPage" tests="1" failures="0" timestamp="2023-10-10T21:19:41 BDT" time="28.751" errors="0">
  <testcase name="VerifyLoggedInAsUsername" time="28.751" classname="Ecommerce.OnlineShoppingAutomation.SignInPage"/>
</testsuite> <!-- Ecommerce.OnlineShoppingAutomation.SignInPage -->
