<?xml version="1.0" encoding="UTF-8"?>
<!-- Generated by org.testng.reporters.JUnitReportReporter -->
<testsuite skipped="0" hostname="PI-Shariful" name="Ecommerce.OnlineShoppingAutomation.PlaceOrderSuccessfulMessage" tests="1" failures="0" timestamp="2023-10-10T21:19:41 BDT" time="56.379" errors="0">
  <testcase name="VerifyPlaceOrderSuccessMessage" time="56.379" classname="Ecommerce.OnlineShoppingAutomation.PlaceOrderSuccessfulMessage"/>
</testsuite> <!-- Ecommerce.OnlineShoppingAutomation.PlaceOrderSuccessfulMessage -->
