<?xml version="1.0" encoding="UTF-8"?>
<!-- Generated by org.testng.reporters.JUnitReportReporter -->
<testsuite skipped="0" hostname="PI-Shariful" name="Ecommerce.OnlineShoppingAutomation.CartPageDisplay" tests="1" failures="0" timestamp="2023-10-10T21:19:41 BDT" time="30.193" errors="0">
  <testcase name="VerifyCartPage" time="30.193" classname="Ecommerce.OnlineShoppingAutomation.CartPageDisplay"/>
</testsuite> <!-- Ecommerce.OnlineShoppingAutomation.CartPageDisplay -->
